<?xml version="1.0" encoding="UTF-8"?>
<!-- Generated by org.testng.reporters.JUnitReportReporter -->
<testsuite hostname="DESKTOP-H19J252" failures="0" tests="2" name="tests.LoginTest" time="15.473" errors="0" timestamp="2023-10-25T00:51:41 BDT" skipped="0">
  <testcase classname="tests.LoginTest" name="UnsuccessfulLogin_Message_With_Wrong_Username_Password" time="0.668"/>
  <testcase classname="tests.LoginTest" name="loginButtonFunctionality" time="14.805"/>
</testsuite> <!-- tests.LoginTest -->
