<?xml version="1.0" encoding="UTF-8"?>
<!-- Generated by org.testng.reporters.JUnitReportReporter -->
<testsuite hostname="DESKTOP-H19J252" failures="0" tests="2" name="tests.LoginTest" time="69.261" errors="0" timestamp="2023-10-23T02:44:50 BDT" skipped="0">
  <testcase classname="tests.LoginTest" name="UnsuccessfulLogin_Message_With_Wrong_Username_Password" time="0.503"/>
  <testcase classname="tests.LoginTest" name="debug" time="68.758"/>
</testsuite> <!-- tests.LoginTest -->
