<?xml version="1.0" encoding="UTF-8"?>
<!-- Generated by org.testng.reporters.JUnitReportReporter -->
<testsuite hostname="DESKTOP-H19J252" failures="0" tests="2" name="tests.HomeTest" time="2.488" errors="0" timestamp="2023-10-25T00:51:41 BDT" skipped="0">
  <testcase classname="tests.HomeTest" name="logout" time="0.107"/>
  <testcase classname="tests.HomeTest" name="LogoutButton" time="2.381"/>
</testsuite> <!-- tests.HomeTest -->
